<?xml version="1.0" encoding="UTF-8" ?>
<testsuite tests="6" failures="0" name="finalprojectB.UrlValidatorTest" time="1.825" errors="0" skipped="0">
  <properties>
[...]
</properties>
  <testcase classname="finalprojectB.UrlValidatorTest" name="testManualTest" time="0.015"/>
  <testcase classname="finalprojectB.UrlValidatorTest" name="test_your_third_partition" time="0"/>
  <testcase classname="finalprojectB.UrlValidatorTest" name="testYourSecondPartition" time="0"/>
  <testcase classname="finalprojectB.UrlValidatorTest" name="test_your_fourth_partition" time="0.016"/>
  <testcase classname="finalprojectB.UrlValidatorTest" name="testYourFirstPartition" time="0"/>
  <testcase classname="finalprojectB.UrlValidatorTest" name="testIsValid" time="1.794"/>
</testsuite>